<?xml version="1.0" encoding="UTF-8"?>
<coverage generated="1632954331989" clover="3.2.0">
  <project timestamp="1632954331989" name="All files">
    <metrics statements="30" coveredstatements="29" conditionals="8" coveredconditionals="5" methods="17" coveredmethods="17" elements="55" coveredelements="51" complexity="0" loc="30" ncloc="30" packages="1" files="4" classes="4"/>
    <file name="Bank.vue" path="/home/marcgokce/CardboardBox/Programming Projects/jesttest/src/components/Bank.vue">
      <metrics statements="4" coveredstatements="4" conditionals="0" coveredconditionals="0" methods="3" coveredmethods="3"/>
      <line num="19" count="1" type="stmt"/>
      <line num="24" count="12" type="stmt"/>
      <line num="35" count="8" type="stmt"/>
      <line num="36" count="8" type="stmt"/>
    </file>
    <file name="BankAccount.vue" path="/home/marcgokce/CardboardBox/Programming Projects/jesttest/src/components/BankAccount.vue">
      <metrics statements="12" coveredstatements="12" conditionals="4" coveredconditionals="4" methods="8" coveredmethods="8"/>
      <line num="63" count="18" type="stmt"/>
      <line num="71" count="18" type="stmt"/>
      <line num="72" count="18" type="stmt"/>
      <line num="77" count="28" type="stmt"/>
      <line num="80" count="1" type="stmt"/>
      <line num="83" count="3" type="cond" truecount="2" falsecount="0"/>
      <line num="84" count="1" type="stmt"/>
      <line num="85" count="1" type="stmt"/>
      <line num="89" count="56" type="stmt"/>
      <line num="92" count="3" type="cond" truecount="2" falsecount="0"/>
      <line num="93" count="1" type="stmt"/>
      <line num="94" count="1" type="stmt"/>
    </file>
    <file name="BasicAPIcall.vue" path="/home/marcgokce/CardboardBox/Programming Projects/jesttest/src/components/BasicAPIcall.vue">
      <metrics statements="12" coveredstatements="11" conditionals="4" coveredconditionals="1" methods="5" coveredmethods="5"/>
      <line num="54" count="1" type="stmt"/>
      <line num="60" count="9" type="stmt"/>
      <line num="79" count="4" type="stmt"/>
      <line num="84" count="4" type="stmt"/>
      <line num="85" count="4" type="stmt"/>
      <line num="94" count="2" type="stmt"/>
      <line num="101" count="2" type="stmt"/>
      <line num="110" count="2" type="cond" truecount="1" falsecount="1"/>
      <line num="111" count="2" type="stmt"/>
      <line num="112" count="2" type="stmt"/>
      <line num="114" count="2" type="stmt"/>
      <line num="116" count="0" type="cond" truecount="0" falsecount="2"/>
    </file>
    <file name="LoadJSON.vue" path="/home/marcgokce/CardboardBox/Programming Projects/jesttest/src/components/LoadJSON.vue">
      <metrics statements="2" coveredstatements="2" conditionals="0" coveredconditionals="0" methods="1" coveredmethods="1"/>
      <line num="39" count="1" type="stmt"/>
      <line num="44" count="5" type="stmt"/>
    </file>
  </project>
</coverage>
