TN:
SF:/home/marcgokce/CardboardBox/Programming Projects/jesttest/src/components/Bank.vue
FN:23,(anonymous_1)
FN:29,(anonymous_2)
FN:34,(anonymous_3)
FNF:3
FNH:3
FNDA:12,(anonymous_1)
FNDA:12,(anonymous_2)
FNDA:8,(anonymous_3)
DA:19,1
DA:24,12
DA:35,8
DA:36,8
LF:4
LH:4
BRF:0
BRH:0
end_of_record
TN:
SF:/home/marcgokce/CardboardBox/Programming Projects/jesttest/src/components/BankAccount.vue
FN:62,(anonymous_1)
FN:70,(anonymous_2)
FN:71,(anonymous_3)
FN:76,(anonymous_4)
FN:79,(anonymous_5)
FN:82,(anonymous_6)
FN:88,(anonymous_7)
FN:91,(anonymous_8)
FNF:8
FNH:8
FNDA:18,(anonymous_1)
FNDA:18,(anonymous_2)
FNDA:18,(anonymous_3)
FNDA:28,(anonymous_4)
FNDA:1,(anonymous_5)
FNDA:3,(anonymous_6)
FNDA:56,(anonymous_7)
FNDA:3,(anonymous_8)
DA:63,18
DA:71,18
DA:72,18
DA:77,28
DA:80,1
DA:83,3
DA:84,1
DA:85,1
DA:89,56
DA:92,3
DA:93,1
DA:94,1
LF:12
LH:12
BRDA:83,0,0,1
BRDA:83,0,1,2
BRDA:92,1,0,1
BRDA:92,1,1,2
BRF:4
BRH:4
end_of_record
TN:
SF:/home/marcgokce/CardboardBox/Programming Projects/jesttest/src/components/BasicAPIcall.vue
FN:59,(anonymous_1)
FN:78,(anonymous_2)
FN:86,(anonymous_3)
FN:99,(anonymous_4)
FN:109,(anonymous_5)
FNF:5
FNH:5
FNDA:9,(anonymous_1)
FNDA:4,(anonymous_2)
FNDA:2,(anonymous_3)
FNDA:2,(anonymous_4)
FNDA:2,(anonymous_5)
DA:54,1
DA:60,9
DA:79,4
DA:84,4
DA:85,4
DA:94,2
DA:101,2
DA:110,2
DA:111,2
DA:112,2
DA:114,2
DA:116,0
LF:12
LH:11
BRDA:110,0,0,0
BRDA:110,0,1,2
BRDA:116,1,0,0
BRDA:116,1,1,0
BRF:4
BRH:1
end_of_record
TN:
SF:/home/marcgokce/CardboardBox/Programming Projects/jesttest/src/components/LoadJSON.vue
FN:43,(anonymous_1)
FNF:1
FNH:1
FNDA:5,(anonymous_1)
DA:39,1
DA:44,5
LF:2
LH:2
BRF:0
BRH:0
end_of_record
